[2022-06-14T15:12:42.163975+02:00] logger.INFO: Conta Criada com sucesso {"name":"Garcia Pedro Pedradas","email":"garciapedro.php@gmail.com","password":"garciapedro"} []
[2022-06-14T15:16:22.830435+02:00] logger.INFO: Conta Criada com sucesso {"name":"Garcia Pedro Pedradas","email":"garciapedro.php@gmail.com","password":"garciapedro"} []
[2022-06-14T17:05:01.220042+02:00] logger.ERROR: Conta não existe {"email":"antoniocamposgabriel@gmail.com","password":"aa"} []
[2022-06-14T17:05:09.963563+02:00] logger.ERROR: Conta não existe {"email":"antoniocamposgabriel@gmail.com","password":"aa"} []
[2022-06-14T17:23:38.796454+02:00] logger.ERROR: Conta não existe {"email":"antoniocamposgabriel@gmail.com","password":"aa"} []
[2022-06-14T17:23:48.994454+02:00] logger.ERROR: Usuário ou senha inválida {"email":"garciapedro.php@gmail.com","password":"garciapedro1a"} []
[2022-06-14T17:24:40.333205+02:00] logger.ERROR: Usuário ou senha inválida {"email":"garciapedro.php@gmail.com","password":"aaaaa"} []
[2022-06-14T17:51:16.208060+02:00] logger.ERROR: Conta não existe {"email":"antoniocamposgabriel@gmail.com","password":"1234"} []
[2022-06-14T17:51:32.026758+02:00] logger.ERROR: Usuário ou senha inválida {"email":"garciapedro.php@gmail.com","password":"1234"} []
[2022-06-16T13:56:02.503149+02:00] logger.INFO: Conta Criada com sucesso {"name":"António Campos Gabriel","email":"antoniocamposgabriel@gmail.com","password":"antoniocampos"} []
[2022-06-16T14:33:23.223588+02:00] logger.ERROR: Já existe um usuário com este email, por favor tente um outro {"name":"Marcelo Manuel","email":"garciapedro.php@gmail.com","password":"1234"} []
[2022-06-16T14:47:18.118034+02:00] logger.ERROR: Já existe um usuário com este email, por favor tente um outro {"name":"Marcia Gaieta","email":"garciapedro.php@gmail.com","password":"1234"} []
[2022-06-16T14:50:43.921704+02:00] logger.ERROR: Já existe um usuário com este email, por favor tente um outro {"name":"Marcelo Manuel","email":"garciapedro.php@gmail.com","password":"1234"} []
[2022-06-16T14:51:02.829954+02:00] logger.ERROR: Já existe um usuário com este email, por favor tente um outro {"name":"Marcelo Manuel","email":"garciapedro.php@gmail.com","password":"1234"} []
[2022-06-16T14:53:05.230104+02:00] logger.ERROR: Já existe um usuário com este email, por favor tente um outro {"name":"Marcelo Manuel","email":"garciapedro.php@gmail.com","password":"213134"} []
[2022-06-16T15:18:42.416272+02:00] logger.ERROR: Já existe um usuário com este email, por favor tente um outro {"name":"Marcelo Manuel","email":"garciapedro.php@gmail.com","password":"1234"} []
[2022-06-16T15:35:23.070890+02:00] logger.INFO: Conta Criada com sucesso {"name":"Marcelo Manuel","email":"marcelomanuel@gmail.com","password":"1234"} []
[2022-06-16T15:36:46.037459+02:00] logger.ERROR: Já existe um usuário com este email, por favor tente um outro {"name":"Marcelo Manuel","email":"antoniocamposgabriel@gmail.com","password":"1234"} []
[2022-06-16T15:57:57.340847+02:00] logger.ERROR: Usuário ou senha inválida {"email":"garciapedro.php@gmail.com","password":"garciaopedro"} []
[2022-06-19T12:39:20.482074+02:00] logger.ERROR: Usuário ou senha inválida {"email":"antoniocamposgabriel@gmail.com","password":"antoniocampos20"} []
[2022-06-19T13:43:54.126363+02:00] logger.ERROR: Conta não existe {"email":"miguelleite200leite@gmail.com","password":"miguel"} []
[2022-06-19T13:44:18.384358+02:00] logger.INFO: Conta Criada com sucesso {"name":"Miguel Leite","email":"miguelleite200leite@gmail.com","password":"miguel"} []
[2022-06-19T13:48:18.217127+02:00] logger.ERROR: Conta não existe {"email":"miguelleite200leite@gmail.com","password":"miguel"} []
[2022-06-19T13:48:42.043309+02:00] logger.INFO: Conta Criada com sucesso {"name":"Miguel Leite","email":"miguelleite200leite@gmail.com","password":"miguel"} []
[2022-06-19T13:50:27.937557+02:00] logger.ERROR: Conta não existe {"email":"miguelleite200leite@gmail.com","password":"miguel"} []
[2022-06-19T13:50:45.468327+02:00] logger.INFO: Conta Criada com sucesso {"name":"Miguel Leite","email":"miguelleite200leite@gmail.com","password":"miguel"} []
[2022-06-19T13:52:32.192133+02:00] logger.ERROR: Conta não existe {"email":"miguelleite200leite@gmail.com","password":"miguel"} []
[2022-06-19T13:52:59.554878+02:00] logger.INFO: Conta Criada com sucesso {"name":"Miguel Leite","email":"miguelleite200leite@gmail.com","password":"miguel"} []
[2022-06-19T14:05:09.730463+02:00] logger.INFO: Conta Criada com sucesso {"name":"Miguel Leite","email":"miguelleite200leite@gmail.com","password":"miguel"} []
[2022-06-19T14:05:35.076720+02:00] logger.ERROR: Usuário ou senha inválida {"email":"marcelomanuel@gmail.com","password":"marcelo"} []
[2022-06-19T14:05:41.148026+02:00] logger.ERROR: Usuário ou senha inválida {"email":"marcelomanuel@gmail.com","password":"123456"} []
[2022-06-19T14:17:29.164373+02:00] logger.INFO: Dados actualizados com sucesso {"id":"3a3e27f8-2e8e-498f-995c-547d07c997e3","name":"Miguel Pascoal Leite","email":"miguelleite200leite@gmail.com","password":"$2y$10$cBO/CynzXkw.qVji79sYtuAeMRuwErsY8QPXpHAJdAzyGbEP9xgoe"} []
[2022-06-19T14:27:33.930848+02:00] logger.ERROR: Erro na actualização dos dados {"id":"3a3e27f8-2e8e-498f-995c-547d07c997e3","name":"Miguel Leite","email":"miguelleite200leite@gmail.com","password":"$2y$10$cBO/CynzXkw.qVji79sYtuAeMRuwErsY8QPXpHAJdAzyGbEP9xgoe"} []
[2022-06-19T14:27:51.081994+02:00] logger.ERROR: Erro na actualização dos dados {"id":"3a3e27f8-2e8e-498f-995c-547d07c997e3","name":"Miguel Leite","email":"miguelleite200leite@gmail.com","password":"$2y$10$cBO/CynzXkw.qVji79sYtuAeMRuwErsY8QPXpHAJdAzyGbEP9xgoe"} []
[2022-06-19T14:28:00.111455+02:00] logger.ERROR: Erro na actualização dos dados {"id":"3a3e27f8-2e8e-498f-995c-547d07c997e3","name":"Miguel Pascoal Leite 1","email":"miguelleite200leite@gmail.com","password":"$2y$10$cBO/CynzXkw.qVji79sYtuAeMRuwErsY8QPXpHAJdAzyGbEP9xgoe"} []
[2022-06-19T14:28:15.686898+02:00] logger.ERROR: Erro na actualização dos dados {"id":"3a3e27f8-2e8e-498f-995c-547d07c997e3","name":"Miguel Leite","email":"miguelleite200leite@gmail.com","password":"$2y$10$cBO/CynzXkw.qVji79sYtuAeMRuwErsY8QPXpHAJdAzyGbEP9xgoe"} []
[2022-06-19T14:30:48.891684+02:00] logger.INFO: Dados actualizados com sucesso {"id":"3a3e27f8-2e8e-498f-995c-547d07c997e3","name":"Miguel Pascoal Leite","email":"miguelleite200leite@gmail.com","password":"$2y$10$cBO/CynzXkw.qVji79sYtuAeMRuwErsY8QPXpHAJdAzyGbEP9xgoe"} []
[2022-06-19T14:30:57.653706+02:00] logger.INFO: Dados actualizados com sucesso {"id":"3a3e27f8-2e8e-498f-995c-547d07c997e3","name":"Miguel Leite","email":"miguelleite200leite@gmail.com","password":"$2y$10$0H7/orotuhJnPJFkUTyyleJxpHd/HMhwDofaXcYDYv/UyV7Pfrdoi"} []
[2022-06-19T14:31:05.237493+02:00] logger.INFO: Dados actualizados com sucesso {"id":"3a3e27f8-2e8e-498f-995c-547d07c997e3","name":"Miguel Pascoal Leite","email":"miguelleite200leite@gmail.com","password":"$2y$10$sSrUH/sitjg/urlU2byuo.vvSGMuyXOtD7rj.cuJTUc/RaOaeJsbW"} []
